2017-07-13-09:49:56_nt_ytk.c_522_GetData_1 : 服务器返回内容成功
2017-07-13-09:49:56_nt_ytk.c_704_SendDataByJson_1 : SendDataByJson()执行成功
2017-07-13-09:49:56_nt_ytk.c_522_GetData_1 : 服务器返回内容成功
2017-07-13-09:49:56_nt_ytk.c_870_SendData_1 : SendData()执行成功
2017-07-13-09:49:56_nt_ytk.c_98_InitRsaErrData_0 : 载入RSA错误信息成功
2017-07-13-09:49:56_nt_ytk.c_126_RsaEncrypt_0 : 打开文件成功
2017-07-13-09:49:56_nt_ytk.c_146_RsaEncrypt_0 : 读取公钥文件成功
2017-07-13-09:49:56_nt_ytk.c_201_RsaEncrypt_0 : 加密成功
2017-07-13-09:49:56_nt_ytk.c_241_RsaDecrypt_0 : 打开文件成功
2017-07-13-09:49:56_nt_ytk.c_262_RsaDecrypt_0 : 读取私钥文件成功
2017-07-13-09:49:56_nt_ytk.c_308_RsaDecrypt_0 : 解密成功
2017-07-13-09:49:56_nt_ytk.c_345_RsaSign_0 : 打开文件成功
2017-07-13-09:49:56_nt_ytk.c_366_RsaSign_0 : 读取私钥文件成功
2017-07-13-09:49:56_nt_ytk.c_404_RsaSign_0 : 签名成功
2017-07-13-09:49:56_nt_ytk.c_447_RsaVerify_0 : 打开文件成功
2017-07-13-09:49:56_nt_ytk.c_467_RsaVerify_0 : 读取公钥文件成功
2017-07-13-09:49:56_nt_ytk.c_496_RsaVerify_0 : 验证签名成功
2017-07-13-10:16:31_nt_ytk.c_695_SendDataByJson_28 : Timeout was reached
2017-07-13-10:16:40_nt_ytk.c_870_SendData_1 : SendData()执行成功
2017-07-13-10:16:40_nt_ytk.c_98_InitRsaErrData_0 : 载入RSA错误信息成功
2017-07-13-10:16:40_nt_ytk.c_126_RsaEncrypt_0 : 打开文件成功
2017-07-13-10:16:40_nt_ytk.c_146_RsaEncrypt_0 : 读取公钥文件成功
2017-07-13-10:16:40_nt_ytk.c_201_RsaEncrypt_0 : 加密成功
2017-07-13-10:16:40_nt_ytk.c_241_RsaDecrypt_0 : 打开文件成功
2017-07-13-10:16:40_nt_ytk.c_262_RsaDecrypt_0 : 读取私钥文件成功
2017-07-13-10:16:40_nt_ytk.c_308_RsaDecrypt_0 : 解密成功
2017-07-13-10:16:40_nt_ytk.c_345_RsaSign_0 : 打开文件成功
2017-07-13-10:16:40_nt_ytk.c_366_RsaSign_0 : 读取私钥文件成功
2017-07-13-10:16:40_nt_ytk.c_404_RsaSign_0 : 签名成功
2017-07-13-10:16:40_nt_ytk.c_447_RsaVerify_0 : 打开文件成功
2017-07-13-10:16:40_nt_ytk.c_467_RsaVerify_0 : 读取公钥文件成功
2017-07-13-10:16:40_nt_ytk.c_496_RsaVerify_0 : 验证签名成功
2017-07-13-10:22:29_nt_ytk.c_522_GetData_1 : 服务器返回内容成功
2017-07-13-10:22:29_nt_ytk.c_704_SendDataByJson_1 : SendDataByJson()执行成功
2017-07-13-10:22:29_nt_ytk.c_870_SendData_1 : SendData()执行成功
2017-07-13-10:22:29_nt_ytk.c_98_InitRsaErrData_0 : 载入RSA错误信息成功
2017-07-13-10:22:29_nt_ytk.c_126_RsaEncrypt_0 : 打开文件成功
2017-07-13-10:22:29_nt_ytk.c_146_RsaEncrypt_0 : 读取公钥文件成功
2017-07-13-10:22:29_nt_ytk.c_201_RsaEncrypt_0 : 加密成功
2017-07-13-10:22:29_nt_ytk.c_241_RsaDecrypt_0 : 打开文件成功
2017-07-13-10:22:29_nt_ytk.c_262_RsaDecrypt_0 : 读取私钥文件成功
2017-07-13-10:22:29_nt_ytk.c_308_RsaDecrypt_0 : 解密成功
2017-07-13-10:22:29_nt_ytk.c_345_RsaSign_0 : 打开文件成功
2017-07-13-10:22:29_nt_ytk.c_366_RsaSign_0 : 读取私钥文件成功
2017-07-13-10:22:29_nt_ytk.c_404_RsaSign_0 : 签名成功
2017-07-13-10:22:29_nt_ytk.c_447_RsaVerify_0 : 打开文件成功
2017-07-13-10:22:29_nt_ytk.c_467_RsaVerify_0 : 读取公钥文件成功
2017-07-13-10:22:29_nt_ytk.c_496_RsaVerify_0 : 验证签名成功
2017-07-13-10:31:34_nt_ytk.c_522_GetData_1 : 服务器返回内容成功
2017-07-13-10:31:34_nt_ytk.c_704_SendDataByJson_1 : SendDataByJson()执行成功
2017-07-13-10:31:34_nt_ytk.c_870_SendData_1 : SendData()执行成功
2017-07-13-10:31:34_nt_ytk.c_98_InitRsaErrData_0 : 载入RSA错误信息成功
2017-07-13-10:31:34_nt_ytk.c_126_RsaEncrypt_0 : 打开文件成功
2017-07-13-10:31:34_nt_ytk.c_146_RsaEncrypt_0 : 读取公钥文件成功
2017-07-13-10:31:34_nt_ytk.c_201_RsaEncrypt_0 : 加密成功
2017-07-13-10:31:34_nt_ytk.c_241_RsaDecrypt_0 : 打开文件成功
2017-07-13-10:31:34_nt_ytk.c_262_RsaDecrypt_0 : 读取私钥文件成功
2017-07-13-10:31:34_nt_ytk.c_308_RsaDecrypt_0 : 解密成功
2017-07-13-10:31:34_nt_ytk.c_345_RsaSign_0 : 打开文件成功
2017-07-13-10:31:34_nt_ytk.c_366_RsaSign_0 : 读取私钥文件成功
2017-07-13-10:31:34_nt_ytk.c_404_RsaSign_0 : 签名成功
2017-07-13-10:31:34_nt_ytk.c_447_RsaVerify_0 : 打开文件成功
2017-07-13-10:31:34_nt_ytk.c_467_RsaVerify_0 : 读取公钥文件成功
2017-07-13-10:31:34_nt_ytk.c_496_RsaVerify_0 : 验证签名成功
2017-07-13-10:44:57_nt_ytk.c_522_GetData_1 : 服务器返回内容成功
2017-07-13-10:44:57_nt_ytk.c_612_SendDataByJson_1 : SendDataByJson()执行成功
2017-07-13-10:44:57_nt_ytk.c_696_SendData_1 : SendData()执行成功
2017-07-13-10:44:57_nt_ytk.c_98_InitRsaErrData_0 : 载入RSA错误信息成功
2017-07-13-10:44:57_nt_ytk.c_126_RsaEncrypt_0 : 打开文件成功
2017-07-13-10:44:57_nt_ytk.c_146_RsaEncrypt_0 : 读取公钥文件成功
2017-07-13-10:44:57_nt_ytk.c_201_RsaEncrypt_0 : 加密成功
2017-07-13-10:44:57_nt_ytk.c_241_RsaDecrypt_0 : 打开文件成功
2017-07-13-10:44:57_nt_ytk.c_262_RsaDecrypt_0 : 读取私钥文件成功
2017-07-13-10:44:57_nt_ytk.c_308_RsaDecrypt_0 : 解密成功
2017-07-13-10:44:57_nt_ytk.c_345_RsaSign_0 : 打开文件成功
2017-07-13-10:44:57_nt_ytk.c_366_RsaSign_0 : 读取私钥文件成功
2017-07-13-10:44:57_nt_ytk.c_404_RsaSign_0 : 签名成功
2017-07-13-10:44:57_nt_ytk.c_447_RsaVerify_0 : 打开文件成功
2017-07-13-10:44:57_nt_ytk.c_467_RsaVerify_0 : 读取公钥文件成功
2017-07-13-10:44:57_nt_ytk.c_496_RsaVerify_0 : 验证签名成功
2017-07-13-10:49:55_nt_ytk.c_522_GetData_1 : 服务器返回内容成功
2017-07-13-10:49:55_nt_ytk.c_612_SendDataByJson_1 : SendDataByJson()执行成功
2017-07-13-10:50:04_nt_ytk.c_522_GetData_1 : 服务器返回内容成功
2017-07-13-10:50:04_nt_ytk.c_696_SendData_1 : SendData()执行成功
2017-07-13-10:50:04_nt_ytk.c_98_InitRsaErrData_0 : 载入RSA错误信息成功
2017-07-13-10:50:04_nt_ytk.c_126_RsaEncrypt_0 : 打开文件成功
2017-07-13-10:50:04_nt_ytk.c_146_RsaEncrypt_0 : 读取公钥文件成功
2017-07-13-10:50:04_nt_ytk.c_201_RsaEncrypt_0 : 加密成功
2017-07-13-10:50:04_nt_ytk.c_241_RsaDecrypt_0 : 打开文件成功
2017-07-13-10:50:04_nt_ytk.c_262_RsaDecrypt_0 : 读取私钥文件成功
2017-07-13-10:50:04_nt_ytk.c_308_RsaDecrypt_0 : 解密成功
2017-07-13-10:50:04_nt_ytk.c_345_RsaSign_0 : 打开文件成功
2017-07-13-10:50:04_nt_ytk.c_366_RsaSign_0 : 读取私钥文件成功
2017-07-13-10:50:04_nt_ytk.c_404_RsaSign_0 : 签名成功
2017-07-13-10:50:04_nt_ytk.c_447_RsaVerify_0 : 打开文件成功
2017-07-13-10:50:04_nt_ytk.c_467_RsaVerify_0 : 读取公钥文件成功
2017-07-13-10:50:04_nt_ytk.c_496_RsaVerify_0 : 验证签名成功
2017-07-13-10:58:15_nt_ytk.c_522_GetData_1 : 服务器返回内容成功
2017-07-13-10:58:15_nt_ytk.c_612_SendDataByJson_1 : SendDataByJson()执行成功
2017-07-13-10:58:18_nt_ytk.c_522_GetData_1 : 服务器返回内容成功
2017-07-13-10:58:18_nt_ytk.c_696_SendData_1 : SendData()执行成功
2017-07-13-10:58:18_nt_ytk.c_98_InitRsaErrData_0 : 载入RSA错误信息成功
2017-07-13-10:58:18_nt_ytk.c_126_RsaEncrypt_0 : 打开文件成功
2017-07-13-10:58:18_nt_ytk.c_146_RsaEncrypt_0 : 读取公钥文件成功
2017-07-13-10:58:18_nt_ytk.c_201_RsaEncrypt_0 : 加密成功
2017-07-13-10:58:18_nt_ytk.c_241_RsaDecrypt_0 : 打开文件成功
2017-07-13-10:58:18_nt_ytk.c_262_RsaDecrypt_0 : 读取私钥文件成功
2017-07-13-10:58:18_nt_ytk.c_308_RsaDecrypt_0 : 解密成功
2017-07-13-10:58:18_nt_ytk.c_345_RsaSign_0 : 打开文件成功
2017-07-13-10:58:18_nt_ytk.c_366_RsaSign_0 : 读取私钥文件成功
2017-07-13-10:58:18_nt_ytk.c_404_RsaSign_0 : 签名成功
2017-07-13-10:58:18_nt_ytk.c_447_RsaVerify_0 : 打开文件成功
2017-07-13-10:58:18_nt_ytk.c_467_RsaVerify_0 : 读取公钥文件成功
2017-07-13-10:58:18_nt_ytk.c_496_RsaVerify_0 : 验证签名成功
